<?xml version="1.0" encoding="UTF-8"?>
<testng-results skipped="0" failed="0" ignored="0" total="2" passed="2">
  <reporter-output>
  </reporter-output>
  <suite name="Default suite" duration-ms="107304" started-at="2019-03-09T06:47:20Z" finished-at="2019-03-09T06:49:07Z">
    <groups>
    </groups>
    <test name="Default test" duration-ms="107304" started-at="2019-03-09T06:47:20Z" finished-at="2019-03-09T06:49:07Z">
      <class name="com.tcs.day1.FirstTestNG">
        <test-method status="PASS" signature="beforeTest()[pri:0, instance:com.tcs.day1.FirstTestNG@68c4039c]" name="beforeTest" is-config="true" duration-ms="3591" started-at="2019-03-09T06:47:20Z" finished-at="2019-03-09T06:47:23Z">
          <reporter-output>
          </reporter-output>
        </test-method> <!-- beforeTest -->
        <test-method status="PASS" signature="f()[pri:0, instance:com.tcs.day1.FirstTestNG@68c4039c]" name="f" duration-ms="33604" started-at="2019-03-09T06:47:23Z" finished-at="2019-03-09T06:47:57Z">
          <reporter-output>
          </reporter-output>
        </test-method> <!-- f -->
        <test-method status="PASS" signature="Mousetest()[pri:0, instance:com.tcs.day1.FirstTestNG@68c4039c]" name="Mousetest" duration-ms="69855" started-at="2019-03-09T06:47:57Z" depends-on-methods="com.tcs.day1.FirstTestNG.f" finished-at="2019-03-09T06:49:07Z">
          <reporter-output>
          </reporter-output>
        </test-method> <!-- Mousetest -->
        <test-method status="PASS" signature="afterTest()[pri:0, instance:com.tcs.day1.FirstTestNG@68c4039c]" name="afterTest" is-config="true" duration-ms="180" started-at="2019-03-09T06:49:07Z" finished-at="2019-03-09T06:49:07Z">
          <reporter-output>
          </reporter-output>
        </test-method> <!-- afterTest -->
      </class> <!-- com.tcs.day1.FirstTestNG -->
    </test> <!-- Default test -->
  </suite> <!-- Default suite -->
</testng-results>
