<?xml version="1.0" encoding="UTF-8"?>
<testng-results skipped="0" failed="0" ignored="0" total="2" passed="2">
  <reporter-output>
  </reporter-output>
  <suite name="Suite" duration-ms="73365" started-at="2019-03-09T08:48:25Z" finished-at="2019-03-09T08:49:39Z">
    <groups>
    </groups>
    <test name="Test" duration-ms="73365" started-at="2019-03-09T08:48:25Z" finished-at="2019-03-09T08:49:39Z">
      <class name="com.tcs.day1.FirstTestNG">
        <test-method status="PASS" signature="beforeTest()[pri:0, instance:com.tcs.day1.FirstTestNG@2ed94a8b]" name="beforeTest" is-config="true" duration-ms="31360" started-at="2019-03-09T08:48:25Z" finished-at="2019-03-09T08:48:57Z">
          <reporter-output>
          </reporter-output>
        </test-method> <!-- beforeTest -->
        <test-method status="PASS" signature="f()[pri:0, instance:com.tcs.day1.FirstTestNG@2ed94a8b]" name="f" duration-ms="21570" started-at="2019-03-09T08:48:57Z" finished-at="2019-03-09T08:49:18Z">
          <reporter-output>
          </reporter-output>
        </test-method> <!-- f -->
        <test-method status="PASS" signature="Mousetest()[pri:0, instance:com.tcs.day1.FirstTestNG@2ed94a8b]" name="Mousetest" duration-ms="20218" started-at="2019-03-09T08:49:18Z" depends-on-methods="com.tcs.day1.FirstTestNG.f" finished-at="2019-03-09T08:49:39Z">
          <reporter-output>
          </reporter-output>
        </test-method> <!-- Mousetest -->
        <test-method status="PASS" signature="afterTest()[pri:0, instance:com.tcs.day1.FirstTestNG@2ed94a8b]" name="afterTest" is-config="true" duration-ms="182" started-at="2019-03-09T08:49:39Z" finished-at="2019-03-09T08:49:39Z">
          <reporter-output>
          </reporter-output>
        </test-method> <!-- afterTest -->
      </class> <!-- com.tcs.day1.FirstTestNG -->
    </test> <!-- Test -->
  </suite> <!-- Suite -->
</testng-results>
